DEBUG main org.apache.ibatis.datasource.pooled.PooledDataSource - Returned connection 1376400422 to pool.
DEBUG main org.apache.ibatis.transaction.jdbc.JdbcTransaction - Opening JDBC Connection
DEBUG main org.apache.ibatis.datasource.pooled.PooledDataSource - Checked out connection 1376400422 from pool.
DEBUG main org.apache.ibatis.transaction.jdbc.JdbcTransaction - Setting autocommit to false on JDBC Connection [com.mysql.jdbc.JDBC4Connection@520a3426]
DEBUG main dao.TempMpper.insert - ==>  Preparing: insert into temp (tempid, nodeid, value, date) values (null, ?, ?, ?) 
DEBUG main dao.TempMpper.insert - ==> Parameters: 1(Integer), 28(Integer), 2018-05-25 22:40:13.531(Timestamp)
DEBUG main dao.TempMpper.insert - <==    Updates: 1
DEBUG main org.apache.ibatis.transaction.jdbc.JdbcTransaction - Committing JDBC Connection [com.mysql.jdbc.JDBC4Connection@520a3426]
DEBUG main org.apache.ibatis.transaction.jdbc.JdbcTransaction - Resetting autocommit to true on JDBC Connection [com.mysql.jdbc.JDBC4Connection@520a3426]
DEBUG main org.apache.ibatis.transaction.jdbc.JdbcTransaction - Closing JDBC Connection [com.mysql.jdbc.JDBC4Connection@520a3426]
DEBUG main org.apache.ibatis.datasource.pooled.PooledDataSource - Returned connection 1376400422 to pool.
DEBUG main org.apache.ibatis.transaction.jdbc.JdbcTransaction - Opening JDBC Connection
DEBUG main org.apache.ibatis.datasource.pooled.PooledDataSource - Checked out connection 1376400422 from pool.
DEBUG main org.apache.ibatis.transaction.jdbc.JdbcTransaction - Setting autocommit to false on JDBC Connection [com.mysql.jdbc.JDBC4Connection@520a3426]
DEBUG main dao.LightMapper.insert - ==>  Preparing: insert into light (lightid, nodeid, value, date) values (null, ?, ?, ?) 
DEBUG main dao.LightMapper.insert - ==> Parameters: 2(Integer), 850(Integer), 2018-05-25 22:40:15.538(Timestamp)
DEBUG main dao.LightMapper.insert - <==    Updates: 1
DEBUG main org.apache.ibatis.transaction.jdbc.JdbcTransaction - Committing JDBC Connection [com.mysql.jdbc.JDBC4Connection@520a3426]
DEBUG main org.apache.ibatis.transaction.jdbc.JdbcTransaction - Resetting autocommit to true on JDBC Connection [com.mysql.jdbc.JDBC4Connection@520a3426]
DEBUG main org.apache.ibatis.transaction.jdbc.JdbcTransaction - Closing JDBC Connection [com.mysql.jdbc.JDBC4Connection@520a3426]
DEBUG main org.apache.ibatis.datasource.pooled.PooledDataSource - Returned connection 1376400422 to pool.
DEBUG main org.apache.ibatis.transaction.jdbc.JdbcTransaction - Opening JDBC Connection
DEBUG main org.apache.ibatis.datasource.pooled.PooledDataSource - Checked out connection 1376400422 from pool.
DEBUG main org.apache.ibatis.transaction.jdbc.JdbcTransaction - Setting autocommit to false on JDBC Connection [com.mysql.jdbc.JDBC4Connection@520a3426]
DEBUG main dao.LightMapper.insert - ==>  Preparing: insert into light (lightid, nodeid, value, date) values (null, ?, ?, ?) 
DEBUG main dao.LightMapper.insert - ==> Parameters: 2(Integer), 2134(Integer), 2018-05-25 22:40:17.04(Timestamp)
DEBUG main dao.LightMapper.insert - <==    Updates: 1
DEBUG main org.apache.ibatis.transaction.jdbc.JdbcTransaction - Committing JDBC Connection [com.mysql.jdbc.JDBC4Connection@520a3426]
DEBUG main org.apache.ibatis.transaction.jdbc.JdbcTransaction - Resetting autocommit to true on JDBC Connection [com.mysql.jdbc.JDBC4Connection@520a3426]
DEBUG main org.apache.ibatis.transaction.jdbc.JdbcTransaction - Closing JDBC Connection [com.mysql.jdbc.JDBC4Connection@520a3426]
DEBUG main org.apache.ibatis.datasource.pooled.PooledDataSource - Returned connection 1376400422 to pool.
DEBUG main org.apache.ibatis.transaction.jdbc.JdbcTransaction - Opening JDBC Connection
DEBUG main org.apache.ibatis.datasource.pooled.PooledDataSource - Checked out connection 1376400422 from pool.
DEBUG main org.apache.ibatis.transaction.jdbc.JdbcTransaction - Setting autocommit to false on JDBC Connection [com.mysql.jdbc.JDBC4Connection@520a3426]
DEBUG main dao.LightMapper.insert - ==>  Preparing: insert into light (lightid, nodeid, value, date) values (null, ?, ?, ?) 
DEBUG main dao.LightMapper.insert - ==> Parameters: 2(Integer), 3794(Integer), 2018-05-25 22:40:18.541(Timestamp)
DEBUG main dao.LightMapper.insert - <==    Updates: 1
DEBUG main org.apache.ibatis.transaction.jdbc.JdbcTransaction - Committing JDBC Connection [com.mysql.jdbc.JDBC4Connection@520a3426]
DEBUG main org.apache.ibatis.transaction.jdbc.JdbcTransaction - Resetting autocommit to true on JDBC Connection [com.mysql.jdbc.JDBC4Connection@520a3426]
DEBUG main org.apache.ibatis.transaction.jdbc.JdbcTransaction - Closing JDBC Connection [com.mysql.jdbc.JDBC4Connection@520a3426]
DEBUG main org.apache.ibatis.datasource.pooled.PooledDataSource - Returned connection 1376400422 to pool.
DEBUG main org.apache.ibatis.transaction.jdbc.JdbcTransaction - Opening JDBC Connection
DEBUG main org.apache.ibatis.datasource.pooled.PooledDataSource - Checked out connection 1376400422 from pool.
DEBUG main org.apache.ibatis.transaction.jdbc.JdbcTransaction - Setting autocommit to false on JDBC Connection [com.mysql.jdbc.JDBC4Connection@520a3426]
DEBUG main dao.LightMapper.insert - ==>  Preparing: insert into light (lightid, nodeid, value, date) values (null, ?, ?, ?) 
DEBUG main dao.LightMapper.insert - ==> Parameters: 2(Integer), 3268(Integer), 2018-05-25 22:40:20.573(Timestamp)
DEBUG main dao.LightMapper.insert - <==    Updates: 1
DEBUG main org.apache.ibatis.transaction.jdbc.JdbcTransaction - Committing JDBC Connection [com.mysql.jdbc.JDBC4Connection@520a3426]
DEBUG main org.apache.ibatis.transaction.jdbc.JdbcTransaction - Resetting autocommit to true on JDBC Connection [com.mysql.jdbc.JDBC4Connection@520a3426]
DEBUG main org.apache.ibatis.transaction.jdbc.JdbcTransaction - Closing JDBC Connection [com.mysql.jdbc.JDBC4Connection@520a3426]
DEBUG main org.apache.ibatis.datasource.pooled.PooledDataSource - Returned connection 1376400422 to pool.
DEBUG main org.apache.ibatis.transaction.jdbc.JdbcTransaction - Opening JDBC Connection
DEBUG main org.apache.ibatis.datasource.pooled.PooledDataSource - Checked out connection 1376400422 from pool.
DEBUG main org.apache.ibatis.transaction.jdbc.JdbcTransaction - Setting autocommit to false on JDBC Connection [com.mysql.jdbc.JDBC4Connection@520a3426]
DEBUG main dao.HumMapper.insert - ==>  Preparing: insert into hum (humid, nodeid, value, date) values (null, ?, ?, ?) 
DEBUG main dao.HumMapper.insert - ==> Parameters: 2(Integer), 20(Integer), 2018-05-25 22:40:22.578(Timestamp)
DEBUG main dao.HumMapper.insert - <==    Updates: 1
DEBUG main org.apache.ibatis.transaction.jdbc.JdbcTransaction - Committing JDBC Connection [com.mysql.jdbc.JDBC4Connection@520a3426]
DEBUG main org.apache.ibatis.transaction.jdbc.JdbcTransaction - Resetting autocommit to true on JDBC Connection [com.mysql.jdbc.JDBC4Connection@520a3426]
DEBUG main org.apache.ibatis.transaction.jdbc.JdbcTransaction - Closing JDBC Connection [com.mysql.jdbc.JDBC4Connection@520a3426]
DEBUG main org.apache.ibatis.datasource.pooled.PooledDataSource - Returned connection 1376400422 to pool.
DEBUG main org.apache.ibatis.transaction.jdbc.JdbcTransaction - Opening JDBC Connection
DEBUG main org.apache.ibatis.datasource.pooled.PooledDataSource - Checked out connection 1376400422 from pool.
DEBUG main org.apache.ibatis.transaction.jdbc.JdbcTransaction - Setting autocommit to false on JDBC Connection [com.mysql.jdbc.JDBC4Connection@520a3426]
DEBUG main dao.SmokeMapper.insert - ==>  Preparing: insert into smoke (smockid, nodeid, value, date) values (?, ?, ?, ?)
DEBUG main dao.SmokeMapper.insert - ==> Parameters: null, 4(Integer), 87(Integer), 2018-05-25 22:40:24.08(Timestamp)
DEBUG main dao.SmokeMapper.insert - <==    Updates: 1
DEBUG main org.apache.ibatis.transaction.jdbc.JdbcTransaction - Committing JDBC Connection [com.mysql.jdbc.JDBC4Connection@520a3426]
DEBUG main org.apache.ibatis.transaction.jdbc.JdbcTransaction - Resetting autocommit to true on JDBC Connection [com.mysql.jdbc.JDBC4Connection@520a3426]
DEBUG main org.apache.ibatis.transaction.jdbc.JdbcTransaction - Closing JDBC Connection [com.mysql.jdbc.JDBC4Connection@520a3426]
DEBUG main org.apache.ibatis.datasource.pooled.PooledDataSource - Returned connection 1376400422 to pool.
DEBUG main org.apache.ibatis.transaction.jdbc.JdbcTransaction - Opening JDBC Connection
DEBUG main org.apache.ibatis.datasource.pooled.PooledDataSource - Checked out connection 1376400422 from pool.
DEBUG main org.apache.ibatis.transaction.jdbc.JdbcTransaction - Setting autocommit to false on JDBC Connection [com.mysql.jdbc.JDBC4Connection@520a3426]
DEBUG main dao.SmokeMapper.insert - ==>  Preparing: insert into smoke (smockid, nodeid, value, date) values (?, ?, ?, ?)
DEBUG main dao.SmokeMapper.insert - ==> Parameters: null, 4(Integer), 92(Integer), 2018-05-25 22:40:25.581(Timestamp)
DEBUG main dao.SmokeMapper.insert - <==    Updates: 1
DEBUG main org.apache.ibatis.transaction.jdbc.JdbcTransaction - Committing JDBC Connection [com.mysql.jdbc.JDBC4Connection@520a3426]
DEBUG main org.apache.ibatis.transaction.jdbc.JdbcTransaction - Resetting autocommit to true on JDBC Connection [com.mysql.jdbc.JDBC4Connection@520a3426]
DEBUG main org.apache.ibatis.transaction.jdbc.JdbcTransaction - Closing JDBC Connection [com.mysql.jdbc.JDBC4Connection@520a3426]
DEBUG main org.apache.ibatis.datasource.pooled.PooledDataSource - Returned connection 1376400422 to pool.
DEBUG main org.apache.ibatis.transaction.jdbc.JdbcTransaction - Opening JDBC Connection
DEBUG main org.apache.ibatis.datasource.pooled.PooledDataSource - Checked out connection 1376400422 from pool.
DEBUG main org.apache.ibatis.transaction.jdbc.JdbcTransaction - Setting autocommit to false on JDBC Connection [com.mysql.jdbc.JDBC4Connection@520a3426]
DEBUG main dao.HumMapper.insert - ==>  Preparing: insert into hum (humid, nodeid, value, date) values (null, ?, ?, ?) 
DEBUG main dao.HumMapper.insert - ==> Parameters: 2(Integer), 23(Integer), 2018-05-25 22:40:27.587(Timestamp)
DEBUG main dao.HumMapper.insert - <==    Updates: 1
DEBUG main org.apache.ibatis.transaction.jdbc.JdbcTransaction - Committing JDBC Connection [com.mysql.jdbc.JDBC4Connection@520a3426]
DEBUG main org.apache.ibatis.transaction.jdbc.JdbcTransaction - Resetting autocommit to true on JDBC Connection [com.mysql.jdbc.JDBC4Connection@520a3426]
DEBUG main org.apache.ibatis.transaction.jdbc.JdbcTransaction - Closing JDBC Connection [com.mysql.jdbc.JDBC4Connection@520a3426]
DEBUG main org.apache.ibatis.datasource.pooled.PooledDataSource - Returned connection 1376400422 to pool.
DEBUG main org.apache.ibatis.transaction.jdbc.JdbcTransaction - Opening JDBC Connection
DEBUG main org.apache.ibatis.datasource.pooled.PooledDataSource - Checked out connection 1376400422 from pool.
DEBUG main org.apache.ibatis.transaction.jdbc.JdbcTransaction - Setting autocommit to false on JDBC Connection [com.mysql.jdbc.JDBC4Connection@520a3426]
DEBUG main dao.SmokeMapper.insert - ==>  Preparing: insert into smoke (smockid, nodeid, value, date) values (?, ?, ?, ?)
DEBUG main dao.SmokeMapper.insert - ==> Parameters: null, 4(Integer), 112(Integer), 2018-05-25 22:40:29.09(Timestamp)
DEBUG main dao.SmokeMapper.insert - <==    Updates: 1
DEBUG main org.apache.ibatis.transaction.jdbc.JdbcTransaction - Committing JDBC Connection [com.mysql.jdbc.JDBC4Connection@520a3426]
DEBUG main org.apache.ibatis.transaction.jdbc.JdbcTransaction - Resetting autocommit to true on JDBC Connection [com.mysql.jdbc.JDBC4Connection@520a3426]
DEBUG main org.apache.ibatis.transaction.jdbc.JdbcTransaction - Closing JDBC Connection [com.mysql.jdbc.JDBC4Connection@520a3426]
DEBUG main org.apache.ibatis.datasource.pooled.PooledDataSource - Returned connection 1376400422 to pool.
DEBUG main org.apache.ibatis.transaction.jdbc.JdbcTransaction - Opening JDBC Connection
DEBUG main org.apache.ibatis.datasource.pooled.PooledDataSource - Checked out connection 1376400422 from pool.
DEBUG main org.apache.ibatis.transaction.jdbc.JdbcTransaction - Setting autocommit to false on JDBC Connection [com.mysql.jdbc.JDBC4Connection@520a3426]
DEBUG main dao.LightMapper.insert - ==>  Preparing: insert into light (lightid, nodeid, value, date) values (null, ?, ?, ?) 
DEBUG main dao.LightMapper.insert - ==> Parameters: 2(Integer), 205(Integer), 2018-05-25 22:40:31.095(Timestamp)
DEBUG main dao.LightMapper.insert - <==    Updates: 1
DEBUG main org.apache.ibatis.transaction.jdbc.JdbcTransaction - Committing JDBC Connection [com.mysql.jdbc.JDBC4Connection@520a3426]
DEBUG main org.apache.ibatis.transaction.jdbc.JdbcTransaction - Resetting autocommit to true on JDBC Connection [com.mysql.jdbc.JDBC4Connection@520a3426]
DEBUG main org.apache.ibatis.transaction.jdbc.JdbcTransaction - Closing JDBC Connection [com.mysql.jdbc.JDBC4Connection@520a3426]
DEBUG main org.apache.ibatis.datasource.pooled.PooledDataSource - Returned connection 1376400422 to pool.
DEBUG main org.apache.ibatis.transaction.jdbc.JdbcTransaction - Opening JDBC Connection
DEBUG main org.apache.ibatis.datasource.pooled.PooledDataSource - Checked out connection 1376400422 from pool.
DEBUG main org.apache.ibatis.transaction.jdbc.JdbcTransaction - Setting autocommit to false on JDBC Connection [com.mysql.jdbc.JDBC4Connection@520a3426]
DEBUG main dao.LightMapper.insert - ==>  Preparing: insert into light (lightid, nodeid, value, date) values (null, ?, ?, ?) 
DEBUG main dao.LightMapper.insert - ==> Parameters: 2(Integer), 2747(Integer), 2018-05-25 22:40:32.595(Timestamp)
DEBUG main dao.LightMapper.insert - <==    Updates: 1
DEBUG main org.apache.ibatis.transaction.jdbc.JdbcTransaction - Committing JDBC Connection [com.mysql.jdbc.JDBC4Connection@520a3426]
DEBUG main org.apache.ibatis.transaction.jdbc.JdbcTransaction - Resetting autocommit to true on JDBC Connection [com.mysql.jdbc.JDBC4Connection@520a3426]
DEBUG main org.apache.ibatis.transaction.jdbc.JdbcTransaction - Closing JDBC Connection [com.mysql.jdbc.JDBC4Connection@520a3426]
DEBUG main org.apache.ibatis.datasource.pooled.PooledDataSource - Returned connection 1376400422 to pool.
DEBUG main org.apache.ibatis.transaction.jdbc.JdbcTransaction - Opening JDBC Connection
DEBUG main org.apache.ibatis.datasource.pooled.PooledDataSource - Checked out connection 1376400422 from pool.
DEBUG main org.apache.ibatis.transaction.jdbc.JdbcTransaction - Setting autocommit to false on JDBC Connection [com.mysql.jdbc.JDBC4Connection@520a3426]
DEBUG main dao.LightMapper.insert - ==>  Preparing: insert into light (lightid, nodeid, value, date) values (null, ?, ?, ?) 
DEBUG main dao.LightMapper.insert - ==> Parameters: 2(Integer), 1161(Integer), 2018-05-25 22:40:34.098(Timestamp)
DEBUG main dao.LightMapper.insert - <==    Updates: 1
DEBUG main org.apache.ibatis.transaction.jdbc.JdbcTransaction - Committing JDBC Connection [com.mysql.jdbc.JDBC4Connection@520a3426]
DEBUG main org.apache.ibatis.transaction.jdbc.JdbcTransaction - Resetting autocommit to true on JDBC Connection [com.mysql.jdbc.JDBC4Connection@520a3426]
DEBUG main org.apache.ibatis.transaction.jdbc.JdbcTransaction - Closing JDBC Connection [com.mysql.jdbc.JDBC4Connection@520a3426]
DEBUG main org.apache.ibatis.datasource.pooled.PooledDataSource - Returned connection 1376400422 to pool.
DEBUG main org.apache.ibatis.transaction.jdbc.JdbcTransaction - Opening JDBC Connection
DEBUG main org.apache.ibatis.datasource.pooled.PooledDataSource - Checked out connection 1376400422 from pool.
DEBUG main org.apache.ibatis.transaction.jdbc.JdbcTransaction - Setting autocommit to false on JDBC Connection [com.mysql.jdbc.JDBC4Connection@520a3426]
DEBUG main dao.SmokeMapper.insert - ==>  Preparing: insert into smoke (smockid, nodeid, value, date) values (?, ?, ?, ?)
DEBUG main dao.SmokeMapper.insert - ==> Parameters: null, 4(Integer), 45(Integer), 2018-05-25 22:40:35.6(Timestamp)
DEBUG main dao.SmokeMapper.insert - <==    Updates: 1
DEBUG main org.apache.ibatis.transaction.jdbc.JdbcTransaction - Committing JDBC Connection [com.mysql.jdbc.JDBC4Connection@520a3426]
DEBUG main org.apache.ibatis.transaction.jdbc.JdbcTransaction - Resetting autocommit to true on JDBC Connection [com.mysql.jdbc.JDBC4Connection@520a3426]
DEBUG main org.apache.ibatis.transaction.jdbc.JdbcTransaction - Closing JDBC Connection [com.mysql.jdbc.JDBC4Connection@520a3426]
DEBUG main org.apache.ibatis.datasource.pooled.PooledDataSource - Returned connection 1376400422 to pool.
DEBUG main org.apache.ibatis.transaction.jdbc.JdbcTransaction - Opening JDBC Connection
DEBUG main org.apache.ibatis.datasource.pooled.PooledDataSource - Checked out connection 1376400422 from pool.
DEBUG main org.apache.ibatis.transaction.jdbc.JdbcTransaction - Setting autocommit to false on JDBC Connection [com.mysql.jdbc.JDBC4Connection@520a3426]
DEBUG main dao.SmokeMapper.insert - ==>  Preparing: insert into smoke (smockid, nodeid, value, date) values (?, ?, ?, ?)
DEBUG main dao.SmokeMapper.insert - ==> Parameters: null, 4(Integer), 98(Integer), 2018-05-25 22:40:37.103(Timestamp)
DEBUG main dao.SmokeMapper.insert - <==    Updates: 1
DEBUG main org.apache.ibatis.transaction.jdbc.JdbcTransaction - Committing JDBC Connection [com.mysql.jdbc.JDBC4Connection@520a3426]
DEBUG main org.apache.ibatis.transaction.jdbc.JdbcTransaction - Resetting autocommit to true on JDBC Connection [com.mysql.jdbc.JDBC4Connection@520a3426]
DEBUG main org.apache.ibatis.transaction.jdbc.JdbcTransaction - Closing JDBC Connection [com.mysql.jdbc.JDBC4Connection@520a3426]
DEBUG main org.apache.ibatis.datasource.pooled.PooledDataSource - Returned connection 1376400422 to pool.
DEBUG main org.apache.ibatis.transaction.jdbc.JdbcTransaction - Opening JDBC Connection
DEBUG main org.apache.ibatis.datasource.pooled.PooledDataSource - Checked out connection 1376400422 from pool.
DEBUG main org.apache.ibatis.transaction.jdbc.JdbcTransaction - Setting autocommit to false on JDBC Connection [com.mysql.jdbc.JDBC4Connection@520a3426]
DEBUG main dao.TempMpper.insert - ==>  Preparing: insert into temp (tempid, nodeid, value, date) values (null, ?, ?, ?) 
DEBUG main dao.TempMpper.insert - ==> Parameters: 1(Integer), 31(Integer), 2018-05-25 22:40:38.605(Timestamp)
DEBUG main dao.TempMpper.insert - <==    Updates: 1
DEBUG main org.apache.ibatis.transaction.jdbc.JdbcTransaction - Committing JDBC Connection [com.mysql.jdbc.JDBC4Connection@520a3426]
DEBUG main org.apache.ibatis.transaction.jdbc.JdbcTransaction - Resetting autocommit to true on JDBC Connection [com.mysql.jdbc.JDBC4Connection@520a3426]
DEBUG main org.apache.ibatis.transaction.jdbc.JdbcTransaction - Closing JDBC Connection [com.mysql.jdbc.JDBC4Connection@520a3426]
DEBUG main org.apache.ibatis.datasource.pooled.PooledDataSource - Returned connection 1376400422 to pool.
DEBUG main org.apache.ibatis.transaction.jdbc.JdbcTransaction - Opening JDBC Connection
DEBUG main org.apache.ibatis.datasource.pooled.PooledDataSource - Checked out connection 1376400422 from pool.
DEBUG main org.apache.ibatis.transaction.jdbc.JdbcTransaction - Setting autocommit to false on JDBC Connection [com.mysql.jdbc.JDBC4Connection@520a3426]
DEBUG main dao.LightMapper.insert - ==>  Preparing: insert into light (lightid, nodeid, value, date) values (null, ?, ?, ?) 
DEBUG main dao.LightMapper.insert - ==> Parameters: 2(Integer), 3559(Integer), 2018-05-25 22:40:40.607(Timestamp)
DEBUG main dao.LightMapper.insert - <==    Updates: 1
DEBUG main org.apache.ibatis.transaction.jdbc.JdbcTransaction - Committing JDBC Connection [com.mysql.jdbc.JDBC4Connection@520a3426]
DEBUG main org.apache.ibatis.transaction.jdbc.JdbcTransaction - Resetting autocommit to true on JDBC Connection [com.mysql.jdbc.JDBC4Connection@520a3426]
DEBUG main org.apache.ibatis.transaction.jdbc.JdbcTransaction - Closing JDBC Connection [com.mysql.jdbc.JDBC4Connection@520a3426]
DEBUG main org.apache.ibatis.datasource.pooled.PooledDataSource - Returned connection 1376400422 to pool.
DEBUG main org.apache.ibatis.transaction.jdbc.JdbcTransaction - Opening JDBC Connection
DEBUG main org.apache.ibatis.datasource.pooled.PooledDataSource - Checked out connection 1376400422 from pool.
DEBUG main org.apache.ibatis.transaction.jdbc.JdbcTransaction - Setting autocommit to false on JDBC Connection [com.mysql.jdbc.JDBC4Connection@520a3426]
DEBUG main dao.HumMapper.insert - ==>  Preparing: insert into hum (humid, nodeid, value, date) values (null, ?, ?, ?) 
DEBUG main dao.HumMapper.insert - ==> Parameters: 2(Integer), 27(Integer), 2018-05-25 22:40:42.608(Timestamp)
DEBUG main dao.HumMapper.insert - <==    Updates: 1
DEBUG main org.apache.ibatis.transaction.jdbc.JdbcTransaction - Committing JDBC Connection [com.mysql.jdbc.JDBC4Connection@520a3426]
DEBUG main org.apache.ibatis.transaction.jdbc.JdbcTransaction - Resetting autocommit to true on JDBC Connection [com.mysql.jdbc.JDBC4Connection@520a3426]
DEBUG main org.apache.ibatis.transaction.jdbc.JdbcTransaction - Closing JDBC Connection [com.mysql.jdbc.JDBC4Connection@520a3426]
DEBUG main org.apache.ibatis.datasource.pooled.PooledDataSource - Returned connection 1376400422 to pool.
DEBUG main org.apache.ibatis.transaction.jdbc.JdbcTransaction - Opening JDBC Connection
DEBUG main org.apache.ibatis.datasource.pooled.PooledDataSource - Checked out connection 1376400422 from pool.
DEBUG main org.apache.ibatis.transaction.jdbc.JdbcTransaction - Setting autocommit to false on JDBC Connection [com.mysql.jdbc.JDBC4Connection@520a3426]
DEBUG main dao.SmokeMapper.insert - ==>  Preparing: insert into smoke (smockid, nodeid, value, date) values (?, ?, ?, ?)
DEBUG main dao.SmokeMapper.insert - ==> Parameters: null, 4(Integer), 90(Integer), 2018-05-25 22:40:44.13(Timestamp)
DEBUG main dao.SmokeMapper.insert - <==    Updates: 1
DEBUG main org.apache.ibatis.transaction.jdbc.JdbcTransaction - Committing JDBC Connection [com.mysql.jdbc.JDBC4Connection@520a3426]
DEBUG main org.apache.ibatis.transaction.jdbc.JdbcTransaction - Resetting autocommit to true on JDBC Connection [com.mysql.jdbc.JDBC4Connection@520a3426]
DEBUG main org.apache.ibatis.transaction.jdbc.JdbcTransaction - Closing JDBC Connection [com.mysql.jdbc.JDBC4Connection@520a3426]
DEBUG main org.apache.ibatis.datasource.pooled.PooledDataSource - Returned connection 1376400422 to pool.
DEBUG main org.apache.ibatis.transaction.jdbc.JdbcTransaction - Opening JDBC Connection
DEBUG main org.apache.ibatis.datasource.pooled.PooledDataSource - Checked out connection 1376400422 from pool.
DEBUG main org.apache.ibatis.transaction.jdbc.JdbcTransaction - Setting autocommit to false on JDBC Connection [com.mysql.jdbc.JDBC4Connection@520a3426]
DEBUG main dao.SmokeMapper.insert - ==>  Preparing: insert into smoke (smockid, nodeid, value, date) values (?, ?, ?, ?)
DEBUG main dao.SmokeMapper.insert - ==> Parameters: null, 4(Integer), 68(Integer), 2018-05-25 22:40:45.633(Timestamp)
DEBUG main dao.SmokeMapper.insert - <==    Updates: 1
DEBUG main org.apache.ibatis.transaction.jdbc.JdbcTransaction - Committing JDBC Connection [com.mysql.jdbc.JDBC4Connection@520a3426]
DEBUG main org.apache.ibatis.transaction.jdbc.JdbcTransaction - Resetting autocommit to true on JDBC Connection [com.mysql.jdbc.JDBC4Connection@520a3426]
DEBUG main org.apache.ibatis.transaction.jdbc.JdbcTransaction - Closing JDBC Connection [com.mysql.jdbc.JDBC4Connection@520a3426]
DEBUG main org.apache.ibatis.datasource.pooled.PooledDataSource - Returned connection 1376400422 to pool.
DEBUG main org.apache.ibatis.transaction.jdbc.JdbcTransaction - Opening JDBC Connection
DEBUG main org.apache.ibatis.datasource.pooled.PooledDataSource - Checked out connection 1376400422 from pool.
DEBUG main org.apache.ibatis.transaction.jdbc.JdbcTransaction - Setting autocommit to false on JDBC Connection [com.mysql.jdbc.JDBC4Connection@520a3426]
DEBUG main dao.HumMapper.insert - ==>  Preparing: insert into hum (humid, nodeid, value, date) values (null, ?, ?, ?) 
DEBUG main dao.HumMapper.insert - ==> Parameters: 2(Integer), 77(Integer), 2018-05-25 22:40:47.135(Timestamp)
DEBUG main dao.HumMapper.insert - <==    Updates: 1
DEBUG main org.apache.ibatis.transaction.jdbc.JdbcTransaction - Committing JDBC Connection [com.mysql.jdbc.JDBC4Connection@520a3426]
DEBUG main org.apache.ibatis.transaction.jdbc.JdbcTransaction - Resetting autocommit to true on JDBC Connection [com.mysql.jdbc.JDBC4Connection@520a3426]
DEBUG main org.apache.ibatis.transaction.jdbc.JdbcTransaction - Closing JDBC Connection [com.mysql.jdbc.JDBC4Connection@520a3426]
DEBUG main org.apache.ibatis.datasource.pooled.PooledDataSource - Returned connection 1376400422 to pool.
DEBUG main org.apache.ibatis.transaction.jdbc.JdbcTransaction - Opening JDBC Connection
DEBUG main org.apache.ibatis.datasource.pooled.PooledDataSource - Checked out connection 1376400422 from pool.
DEBUG main org.apache.ibatis.transaction.jdbc.JdbcTransaction - Setting autocommit to false on JDBC Connection [com.mysql.jdbc.JDBC4Connection@520a3426]
DEBUG main dao.SmokeMapper.insert - ==>  Preparing: insert into smoke (smockid, nodeid, value, date) values (?, ?, ?, ?)
DEBUG main dao.SmokeMapper.insert - ==> Parameters: null, 4(Integer), 106(Integer), 2018-05-25 22:40:48.637(Timestamp)
DEBUG main dao.SmokeMapper.insert - <==    Updates: 1
DEBUG main org.apache.ibatis.transaction.jdbc.JdbcTransaction - Committing JDBC Connection [com.mysql.jdbc.JDBC4Connection@520a3426]
DEBUG main org.apache.ibatis.transaction.jdbc.JdbcTransaction - Resetting autocommit to true on JDBC Connection [com.mysql.jdbc.JDBC4Connection@520a3426]
DEBUG main org.apache.ibatis.transaction.jdbc.JdbcTransaction - Closing JDBC Connection [com.mysql.jdbc.JDBC4Connection@520a3426]
DEBUG main org.apache.ibatis.datasource.pooled.PooledDataSource - Returned connection 1376400422 to pool.
DEBUG main org.apache.ibatis.transaction.jdbc.JdbcTransaction - Opening JDBC Connection
DEBUG main org.apache.ibatis.datasource.pooled.PooledDataSource - Checked out connection 1376400422 from pool.
DEBUG main org.apache.ibatis.transaction.jdbc.JdbcTransaction - Setting autocommit to false on JDBC Connection [com.mysql.jdbc.JDBC4Connection@520a3426]
DEBUG main dao.LightMapper.insert - ==>  Preparing: insert into light (lightid, nodeid, value, date) values (null, ?, ?, ?) 
DEBUG main dao.LightMapper.insert - ==> Parameters: 2(Integer), 2733(Integer), 2018-05-25 22:40:50.141(Timestamp)
DEBUG main dao.LightMapper.insert - <==    Updates: 1
DEBUG main org.apache.ibatis.transaction.jdbc.JdbcTransaction - Committing JDBC Connection [com.mysql.jdbc.JDBC4Connection@520a3426]
DEBUG main org.apache.ibatis.transaction.jdbc.JdbcTransaction - Resetting autocommit to true on JDBC Connection [com.mysql.jdbc.JDBC4Connection@520a3426]
DEBUG main org.apache.ibatis.transaction.jdbc.JdbcTransaction - Closing JDBC Connection [com.mysql.jdbc.JDBC4Connection@520a3426]
DEBUG main org.apache.ibatis.datasource.pooled.PooledDataSource - Returned connection 1376400422 to pool.
DEBUG main org.apache.ibatis.transaction.jdbc.JdbcTransaction - Opening JDBC Connection
DEBUG main org.apache.ibatis.datasource.pooled.PooledDataSource - Checked out connection 1376400422 from pool.
DEBUG main org.apache.ibatis.transaction.jdbc.JdbcTransaction - Setting autocommit to false on JDBC Connection [com.mysql.jdbc.JDBC4Connection@520a3426]
DEBUG main dao.TempMpper.insert - ==>  Preparing: insert into temp (tempid, nodeid, value, date) values (null, ?, ?, ?) 
DEBUG main dao.TempMpper.insert - ==> Parameters: 1(Integer), 49(Integer), 2018-05-25 22:40:51.644(Timestamp)
DEBUG main dao.TempMpper.insert - <==    Updates: 1
DEBUG main org.apache.ibatis.transaction.jdbc.JdbcTransaction - Committing JDBC Connection [com.mysql.jdbc.JDBC4Connection@520a3426]
DEBUG main org.apache.ibatis.transaction.jdbc.JdbcTransaction - Resetting autocommit to true on JDBC Connection [com.mysql.jdbc.JDBC4Connection@520a3426]
DEBUG main org.apache.ibatis.transaction.jdbc.JdbcTransaction - Closing JDBC Connection [com.mysql.jdbc.JDBC4Connection@520a3426]
DEBUG main org.apache.ibatis.datasource.pooled.PooledDataSource - Returned connection 1376400422 to pool.
DEBUG main org.apache.ibatis.transaction.jdbc.JdbcTransaction - Opening JDBC Connection
DEBUG main org.apache.ibatis.datasource.pooled.PooledDataSource - Checked out connection 1376400422 from pool.
DEBUG main org.apache.ibatis.transaction.jdbc.JdbcTransaction - Setting autocommit to false on JDBC Connection [com.mysql.jdbc.JDBC4Connection@520a3426]
DEBUG main dao.LightMapper.insert - ==>  Preparing: insert into light (lightid, nodeid, value, date) values (null, ?, ?, ?) 
DEBUG main dao.LightMapper.insert - ==> Parameters: 2(Integer), 2329(Integer), 2018-05-25 22:40:53.146(Timestamp)
DEBUG main dao.LightMapper.insert - <==    Updates: 1
DEBUG main org.apache.ibatis.transaction.jdbc.JdbcTransaction - Committing JDBC Connection [com.mysql.jdbc.JDBC4Connection@520a3426]
DEBUG main org.apache.ibatis.transaction.jdbc.JdbcTransaction - Resetting autocommit to true on JDBC Connection [com.mysql.jdbc.JDBC4Connection@520a3426]
DEBUG main org.apache.ibatis.transaction.jdbc.JdbcTransaction - Closing JDBC Connection [com.mysql.jdbc.JDBC4Connection@520a3426]
DEBUG main org.apache.ibatis.datasource.pooled.PooledDataSource - Returned connection 1376400422 to pool.
DEBUG main org.apache.ibatis.transaction.jdbc.JdbcTransaction - Opening JDBC Connection
DEBUG main org.apache.ibatis.datasource.pooled.PooledDataSource - Checked out connection 1376400422 from pool.
DEBUG main org.apache.ibatis.transaction.jdbc.JdbcTransaction - Setting autocommit to false on JDBC Connection [com.mysql.jdbc.JDBC4Connection@520a3426]
DEBUG main dao.TempMpper.insert - ==>  Preparing: insert into temp (tempid, nodeid, value, date) values (null, ?, ?, ?) 
DEBUG main dao.TempMpper.insert - ==> Parameters: 1(Integer), 79(Integer), 2018-05-25 22:40:54.648(Timestamp)
DEBUG main dao.TempMpper.insert - <==    Updates: 1
DEBUG main org.apache.ibatis.transaction.jdbc.JdbcTransaction - Committing JDBC Connection [com.mysql.jdbc.JDBC4Connection@520a3426]
DEBUG main org.apache.ibatis.transaction.jdbc.JdbcTransaction - Resetting autocommit to true on JDBC Connection [com.mysql.jdbc.JDBC4Connection@520a3426]
DEBUG main org.apache.ibatis.transaction.jdbc.JdbcTransaction - Closing JDBC Connection [com.mysql.jdbc.JDBC4Connection@520a3426]
DEBUG main org.apache.ibatis.datasource.pooled.PooledDataSource - Returned connection 1376400422 to pool.
DEBUG main org.apache.ibatis.transaction.jdbc.JdbcTransaction - Opening JDBC Connection
DEBUG main org.apache.ibatis.datasource.pooled.PooledDataSource - Checked out connection 1376400422 from pool.
DEBUG main org.apache.ibatis.transaction.jdbc.JdbcTransaction - Setting autocommit to false on JDBC Connection [com.mysql.jdbc.JDBC4Connection@520a3426]
DEBUG main dao.SmokeMapper.insert - ==>  Preparing: insert into smoke (smockid, nodeid, value, date) values (?, ?, ?, ?)
DEBUG main dao.SmokeMapper.insert - ==> Parameters: null, 4(Integer), 107(Integer), 2018-05-25 22:40:56.65(Timestamp)
DEBUG main dao.SmokeMapper.insert - <==    Updates: 1
DEBUG main org.apache.ibatis.transaction.jdbc.JdbcTransaction - Committing JDBC Connection [com.mysql.jdbc.JDBC4Connection@520a3426]
DEBUG main org.apache.ibatis.transaction.jdbc.JdbcTransaction - Resetting autocommit to true on JDBC Connection [com.mysql.jdbc.JDBC4Connection@520a3426]
DEBUG main org.apache.ibatis.transaction.jdbc.JdbcTransaction - Closing JDBC Connection [com.mysql.jdbc.JDBC4Connection@520a3426]
DEBUG main org.apache.ibatis.datasource.pooled.PooledDataSource - Returned connection 1376400422 to pool.
DEBUG main org.apache.ibatis.transaction.jdbc.JdbcTransaction - Opening JDBC Connection
DEBUG main org.apache.ibatis.datasource.pooled.PooledDataSource - Checked out connection 1376400422 from pool.
DEBUG main org.apache.ibatis.transaction.jdbc.JdbcTransaction - Setting autocommit to false on JDBC Connection [com.mysql.jdbc.JDBC4Connection@520a3426]
DEBUG main dao.LightMapper.insert - ==>  Preparing: insert into light (lightid, nodeid, value, date) values (null, ?, ?, ?) 
DEBUG main dao.LightMapper.insert - ==> Parameters: 2(Integer), 1997(Integer), 2018-05-25 22:40:58.652(Timestamp)
DEBUG main dao.LightMapper.insert - <==    Updates: 1
DEBUG main org.apache.ibatis.transaction.jdbc.JdbcTransaction - Committing JDBC Connection [com.mysql.jdbc.JDBC4Connection@520a3426]
DEBUG main org.apache.ibatis.transaction.jdbc.JdbcTransaction - Resetting autocommit to true on JDBC Connection [com.mysql.jdbc.JDBC4Connection@520a3426]
DEBUG main org.apache.ibatis.transaction.jdbc.JdbcTransaction - Closing JDBC Connection [com.mysql.jdbc.JDBC4Connection@520a3426]
DEBUG main org.apache.ibatis.datasource.pooled.PooledDataSource - Returned connection 1376400422 to pool.
DEBUG main org.apache.ibatis.transaction.jdbc.JdbcTransaction - Opening JDBC Connection
DEBUG main org.apache.ibatis.datasource.pooled.PooledDataSource - Checked out connection 1376400422 from pool.
DEBUG main org.apache.ibatis.transaction.jdbc.JdbcTransaction - Setting autocommit to false on JDBC Connection [com.mysql.jdbc.JDBC4Connection@520a3426]
DEBUG main dao.TempMpper.insert - ==>  Preparing: insert into temp (tempid, nodeid, value, date) values (null, ?, ?, ?) 
DEBUG main dao.TempMpper.insert - ==> Parameters: 1(Integer), 18(Integer), 2018-05-25 22:41:00.158(Timestamp)
DEBUG main dao.TempMpper.insert - <==    Updates: 1
DEBUG main org.apache.ibatis.transaction.jdbc.JdbcTransaction - Committing JDBC Connection [com.mysql.jdbc.JDBC4Connection@520a3426]
DEBUG main org.apache.ibatis.transaction.jdbc.JdbcTransaction - Resetting autocommit to true on JDBC Connection [com.mysql.jdbc.JDBC4Connection@520a3426]
DEBUG main org.apache.ibatis.transaction.jdbc.JdbcTransaction - Closing JDBC Connection [com.mysql.jdbc.JDBC4Connection@520a3426]
DEBUG main org.apache.ibatis.datasource.pooled.PooledDataSource - Returned connection 1376400422 to pool.
DEBUG main org.apache.ibatis.transaction.jdbc.JdbcTransaction - Opening JDBC Connection
DEBUG main org.apache.ibatis.datasource.pooled.PooledDataSource - Checked out connection 1376400422 from pool.
DEBUG main org.apache.ibatis.transaction.jdbc.JdbcTransaction - Setting autocommit to false on JDBC Connection [com.mysql.jdbc.JDBC4Connection@520a3426]
DEBUG main dao.LightMapper.insert - ==>  Preparing: insert into light (lightid, nodeid, value, date) values (null, ?, ?, ?) 
DEBUG main dao.LightMapper.insert - ==> Parameters: 2(Integer), 2348(Integer), 2018-05-25 22:41:01.66(Timestamp)
DEBUG main dao.LightMapper.insert - <==    Updates: 1
DEBUG main org.apache.ibatis.transaction.jdbc.JdbcTransaction - Committing JDBC Connection [com.mysql.jdbc.JDBC4Connection@520a3426]
DEBUG main org.apache.ibatis.transaction.jdbc.JdbcTransaction - Resetting autocommit to true on JDBC Connection [com.mysql.jdbc.JDBC4Connection@520a3426]
DEBUG main org.apache.ibatis.transaction.jdbc.JdbcTransaction - Closing JDBC Connection [com.mysql.jdbc.JDBC4Connection@520a3426]
DEBUG main org.apache.ibatis.datasource.pooled.PooledDataSource - Returned connection 1376400422 to pool.
DEBUG main org.apache.ibatis.transaction.jdbc.JdbcTransaction - Opening JDBC Connection
DEBUG main org.apache.ibatis.datasource.pooled.PooledDataSource - Checked out connection 1376400422 from pool.
DEBUG main org.apache.ibatis.transaction.jdbc.JdbcTransaction - Setting autocommit to false on JDBC Connection [com.mysql.jdbc.JDBC4Connection@520a3426]
DEBUG main dao.SmokeMapper.insert - ==>  Preparing: insert into smoke (smockid, nodeid, value, date) values (?, ?, ?, ?)
DEBUG main dao.SmokeMapper.insert - ==> Parameters: null, 4(Integer), 54(Integer), 2018-05-25 22:41:03.164(Timestamp)
DEBUG main dao.SmokeMapper.insert - <==    Updates: 1
DEBUG main org.apache.ibatis.transaction.jdbc.JdbcTransaction - Committing JDBC Connection [com.mysql.jdbc.JDBC4Connection@520a3426]
DEBUG main org.apache.ibatis.transaction.jdbc.JdbcTransaction - Resetting autocommit to true on JDBC Connection [com.mysql.jdbc.JDBC4Connection@520a3426]
DEBUG main org.apache.ibatis.transaction.jdbc.JdbcTransaction - Closing JDBC Connection [com.mysql.jdbc.JDBC4Connection@520a3426]
DEBUG main org.apache.ibatis.datasource.pooled.PooledDataSource - Returned connection 1376400422 to pool.
DEBUG main org.apache.ibatis.transaction.jdbc.JdbcTransaction - Opening JDBC Connection
DEBUG main org.apache.ibatis.datasource.pooled.PooledDataSource - Checked out connection 1376400422 from pool.
DEBUG main org.apache.ibatis.transaction.jdbc.JdbcTransaction - Setting autocommit to false on JDBC Connection [com.mysql.jdbc.JDBC4Connection@520a3426]
DEBUG main dao.TempMpper.insert - ==>  Preparing: insert into temp (tempid, nodeid, value, date) values (null, ?, ?, ?) 
DEBUG main dao.TempMpper.insert - ==> Parameters: 1(Integer), 56(Integer), 2018-05-25 22:41:04.668(Timestamp)
DEBUG main dao.TempMpper.insert - <==    Updates: 1
DEBUG main org.apache.ibatis.transaction.jdbc.JdbcTransaction - Committing JDBC Connection [com.mysql.jdbc.JDBC4Connection@520a3426]
DEBUG main org.apache.ibatis.transaction.jdbc.JdbcTransaction - Resetting autocommit to true on JDBC Connection [com.mysql.jdbc.JDBC4Connection@520a3426]
DEBUG main org.apache.ibatis.transaction.jdbc.JdbcTransaction - Closing JDBC Connection [com.mysql.jdbc.JDBC4Connection@520a3426]
DEBUG main org.apache.ibatis.datasource.pooled.PooledDataSource - Returned connection 1376400422 to pool.
DEBUG main org.apache.ibatis.transaction.jdbc.JdbcTransaction - Opening JDBC Connection
DEBUG main org.apache.ibatis.datasource.pooled.PooledDataSource - Checked out connection 1376400422 from pool.
DEBUG main org.apache.ibatis.transaction.jdbc.JdbcTransaction - Setting autocommit to false on JDBC Connection [com.mysql.jdbc.JDBC4Connection@520a3426]
DEBUG main dao.SmokeMapper.insert - ==>  Preparing: insert into smoke (smockid, nodeid, value, date) values (?, ?, ?, ?)
DEBUG main dao.SmokeMapper.insert - ==> Parameters: null, 4(Integer), 87(Integer), 2018-05-25 22:41:06.172(Timestamp)
DEBUG main dao.SmokeMapper.insert - <==    Updates: 1
DEBUG main org.apache.ibatis.transaction.jdbc.JdbcTransaction - Committing JDBC Connection [com.mysql.jdbc.JDBC4Connection@520a3426]
DEBUG main org.apache.ibatis.transaction.jdbc.JdbcTransaction - Resetting autocommit to true on JDBC Connection [com.mysql.jdbc.JDBC4Connection@520a3426]
DEBUG main org.apache.ibatis.transaction.jdbc.JdbcTransaction - Closing JDBC Connection [com.mysql.jdbc.JDBC4Connection@520a3426]
DEBUG main org.apache.ibatis.datasource.pooled.PooledDataSource - Returned connection 1376400422 to pool.
DEBUG main org.apache.ibatis.transaction.jdbc.JdbcTransaction - Opening JDBC Connection
DEBUG main org.apache.ibatis.datasource.pooled.PooledDataSource - Checked out connection 1376400422 from pool.
DEBUG main org.apache.ibatis.transaction.jdbc.JdbcTransaction - Setting autocommit to false on JDBC Connection [com.mysql.jdbc.JDBC4Connection@520a3426]
DEBUG main dao.LightMapper.insert - ==>  Preparing: insert into light (lightid, nodeid, value, date) values (null, ?, ?, ?) 
DEBUG main dao.LightMapper.insert - ==> Parameters: 2(Integer), 3066(Integer), 2018-05-25 22:41:07.673(Timestamp)
DEBUG main dao.LightMapper.insert - <==    Updates: 1
DEBUG main org.apache.ibatis.transaction.jdbc.JdbcTransaction - Committing JDBC Connection [com.mysql.jdbc.JDBC4Connection@520a3426]
DEBUG main org.apache.ibatis.transaction.jdbc.JdbcTransaction - Resetting autocommit to true on JDBC Connection [com.mysql.jdbc.JDBC4Connection@520a3426]
DEBUG main org.apache.ibatis.transaction.jdbc.JdbcTransaction - Closing JDBC Connection [com.mysql.jdbc.JDBC4Connection@520a3426]
DEBUG main org.apache.ibatis.datasource.pooled.PooledDataSource - Returned connection 1376400422 to pool.
DEBUG main org.apache.ibatis.transaction.jdbc.JdbcTransaction - Opening JDBC Connection
DEBUG main org.apache.ibatis.datasource.pooled.PooledDataSource - Checked out connection 1376400422 from pool.
DEBUG main org.apache.ibatis.transaction.jdbc.JdbcTransaction - Setting autocommit to false on JDBC Connection [com.mysql.jdbc.JDBC4Connection@520a3426]
DEBUG main dao.TempMpper.insert - ==>  Preparing: insert into temp (tempid, nodeid, value, date) values (null, ?, ?, ?) 
DEBUG main dao.TempMpper.insert - ==> Parameters: 1(Integer), 5(Integer), 2018-05-25 22:41:09.177(Timestamp)
DEBUG main dao.TempMpper.insert - <==    Updates: 1
DEBUG main org.apache.ibatis.transaction.jdbc.JdbcTransaction - Committing JDBC Connection [com.mysql.jdbc.JDBC4Connection@520a3426]
DEBUG main org.apache.ibatis.transaction.jdbc.JdbcTransaction - Resetting autocommit to true on JDBC Connection [com.mysql.jdbc.JDBC4Connection@520a3426]
DEBUG main org.apache.ibatis.transaction.jdbc.JdbcTransaction - Closing JDBC Connection [com.mysql.jdbc.JDBC4Connection@520a3426]
DEBUG main org.apache.ibatis.datasource.pooled.PooledDataSource - Returned connection 1376400422 to pool.
DEBUG main org.apache.ibatis.transaction.jdbc.JdbcTransaction - Opening JDBC Connection
DEBUG main org.apache.ibatis.datasource.pooled.PooledDataSource - Checked out connection 1376400422 from pool.
DEBUG main org.apache.ibatis.transaction.jdbc.JdbcTransaction - Setting autocommit to false on JDBC Connection [com.mysql.jdbc.JDBC4Connection@520a3426]
DEBUG main dao.HumMapper.insert - ==>  Preparing: insert into hum (humid, nodeid, value, date) values (null, ?, ?, ?) 
DEBUG main dao.HumMapper.insert - ==> Parameters: 2(Integer), 28(Integer), 2018-05-25 22:41:10.679(Timestamp)
DEBUG main dao.HumMapper.insert - <==    Updates: 1
DEBUG main org.apache.ibatis.transaction.jdbc.JdbcTransaction - Committing JDBC Connection [com.mysql.jdbc.JDBC4Connection@520a3426]
DEBUG main org.apache.ibatis.transaction.jdbc.JdbcTransaction - Resetting autocommit to true on JDBC Connection [com.mysql.jdbc.JDBC4Connection@520a3426]
DEBUG main org.apache.ibatis.transaction.jdbc.JdbcTransaction - Closing JDBC Connection [com.mysql.jdbc.JDBC4Connection@520a3426]
DEBUG main org.apache.ibatis.datasource.pooled.PooledDataSource - Returned connection 1376400422 to pool.
DEBUG main org.apache.ibatis.transaction.jdbc.JdbcTransaction - Opening JDBC Connection
DEBUG main org.apache.ibatis.datasource.pooled.PooledDataSource - Checked out connection 1376400422 from pool.
DEBUG main org.apache.ibatis.transaction.jdbc.JdbcTransaction - Setting autocommit to false on JDBC Connection [com.mysql.jdbc.JDBC4Connection@520a3426]
DEBUG main dao.TempMpper.insert - ==>  Preparing: insert into temp (tempid, nodeid, value, date) values (null, ?, ?, ?) 
DEBUG main dao.TempMpper.insert - ==> Parameters: 1(Integer), 67(Integer), 2018-05-25 22:41:12.182(Timestamp)
DEBUG main dao.TempMpper.insert - <==    Updates: 1
DEBUG main org.apache.ibatis.transaction.jdbc.JdbcTransaction - Committing JDBC Connection [com.mysql.jdbc.JDBC4Connection@520a3426]
DEBUG main org.apache.ibatis.transaction.jdbc.JdbcTransaction - Resetting autocommit to true on JDBC Connection [com.mysql.jdbc.JDBC4Connection@520a3426]
DEBUG main org.apache.ibatis.transaction.jdbc.JdbcTransaction - Closing JDBC Connection [com.mysql.jdbc.JDBC4Connection@520a3426]
DEBUG main org.apache.ibatis.datasource.pooled.PooledDataSource - Returned connection 1376400422 to pool.
DEBUG main org.apache.ibatis.transaction.jdbc.JdbcTransaction - Opening JDBC Connection
DEBUG main org.apache.ibatis.datasource.pooled.PooledDataSource - Checked out connection 1376400422 from pool.
DEBUG main org.apache.ibatis.transaction.jdbc.JdbcTransaction - Setting autocommit to false on JDBC Connection [com.mysql.jdbc.JDBC4Connection@520a3426]
DEBUG main dao.SmokeMapper.insert - ==>  Preparing: insert into smoke (smockid, nodeid, value, date) values (?, ?, ?, ?)
DEBUG main dao.SmokeMapper.insert - ==> Parameters: null, 4(Integer), 82(Integer), 2018-05-25 22:41:13.684(Timestamp)
DEBUG main dao.SmokeMapper.insert - <==    Updates: 1
DEBUG main org.apache.ibatis.transaction.jdbc.JdbcTransaction - Committing JDBC Connection [com.mysql.jdbc.JDBC4Connection@520a3426]
DEBUG main org.apache.ibatis.transaction.jdbc.JdbcTransaction - Resetting autocommit to true on JDBC Connection [com.mysql.jdbc.JDBC4Connection@520a3426]
DEBUG main org.apache.ibatis.transaction.jdbc.JdbcTransaction - Closing JDBC Connection [com.mysql.jdbc.JDBC4Connection@520a3426]
DEBUG main org.apache.ibatis.datasource.pooled.PooledDataSource - Returned connection 1376400422 to pool.
DEBUG main org.apache.ibatis.logging.LogFactory - Logging initialized using 'class org.apache.ibatis.logging.slf4j.Slf4jImpl' adapter.
DEBUG main org.apache.ibatis.io.ResolverUtil - Class not found: org.jboss.vfs.VFS
DEBUG main org.apache.ibatis.io.ResolverUtil - JBoss 6 VFS API is not available in this environment.
DEBUG main org.apache.ibatis.io.ResolverUtil - Class not found: org.jboss.vfs.VirtualFile
DEBUG main org.apache.ibatis.io.ResolverUtil - VFS implementation org.apache.ibatis.io.JBoss6VFS is not valid in this environment.
DEBUG main org.apache.ibatis.io.ResolverUtil - Using VFS adapter org.apache.ibatis.io.DefaultVFS
DEBUG main org.apache.ibatis.datasource.pooled.PooledDataSource - PooledDataSource forcefully closed/removed all connections.
DEBUG main org.apache.ibatis.datasource.pooled.PooledDataSource - PooledDataSource forcefully closed/removed all connections.
DEBUG main org.apache.ibatis.datasource.pooled.PooledDataSource - PooledDataSource forcefully closed/removed all connections.
DEBUG main org.apache.ibatis.datasource.pooled.PooledDataSource - PooledDataSource forcefully closed/removed all connections.
DEBUG main org.apache.ibatis.transaction.jdbc.JdbcTransaction - Opening JDBC Connection
DEBUG main org.apache.ibatis.datasource.pooled.PooledDataSource - Created connection 1376400422.
DEBUG main org.apache.ibatis.transaction.jdbc.JdbcTransaction - Setting autocommit to false on JDBC Connection [com.mysql.jdbc.JDBC4Connection@520a3426]
DEBUG main dao.HumMapper.insert - ==>  Preparing: insert into hum (humid, nodeid, value, date) values (null, ?, ?, ?) 
DEBUG main dao.HumMapper.insert - ==> Parameters: 2(Integer), 46(Integer), 2018-05-26 00:12:38.906(Timestamp)
DEBUG main dao.HumMapper.insert - <==    Updates: 1
DEBUG main org.apache.ibatis.transaction.jdbc.JdbcTransaction - Committing JDBC Connection [com.mysql.jdbc.JDBC4Connection@520a3426]
DEBUG main org.apache.ibatis.transaction.jdbc.JdbcTransaction - Resetting autocommit to true on JDBC Connection [com.mysql.jdbc.JDBC4Connection@520a3426]
DEBUG main org.apache.ibatis.transaction.jdbc.JdbcTransaction - Closing JDBC Connection [com.mysql.jdbc.JDBC4Connection@520a3426]
DEBUG main org.apache.ibatis.datasource.pooled.PooledDataSource - Returned connection 1376400422 to pool.
DEBUG main org.apache.ibatis.transaction.jdbc.JdbcTransaction - Opening JDBC Connection
DEBUG main org.apache.ibatis.datasource.pooled.PooledDataSource - Checked out connection 1376400422 from pool.
DEBUG main org.apache.ibatis.transaction.jdbc.JdbcTransaction - Setting autocommit to false on JDBC Connection [com.mysql.jdbc.JDBC4Connection@520a3426]
DEBUG main dao.LightMapper.insert - ==>  Preparing: insert into light (lightid, nodeid, value, date) values (null, ?, ?, ?) 
DEBUG main dao.LightMapper.insert - ==> Parameters: 2(Integer), 3188(Integer), 2018-05-26 00:12:41.775(Timestamp)
DEBUG main dao.LightMapper.insert - <==    Updates: 1
DEBUG main org.apache.ibatis.transaction.jdbc.JdbcTransaction - Committing JDBC Connection [com.mysql.jdbc.JDBC4Connection@520a3426]
DEBUG main org.apache.ibatis.transaction.jdbc.JdbcTransaction - Resetting autocommit to true on JDBC Connection [com.mysql.jdbc.JDBC4Connection@520a3426]
DEBUG main org.apache.ibatis.transaction.jdbc.JdbcTransaction - Closing JDBC Connection [com.mysql.jdbc.JDBC4Connection@520a3426]
DEBUG main org.apache.ibatis.datasource.pooled.PooledDataSource - Returned connection 1376400422 to pool.
DEBUG main org.apache.ibatis.transaction.jdbc.JdbcTransaction - Opening JDBC Connection
DEBUG main org.apache.ibatis.datasource.pooled.PooledDataSource - Checked out connection 1376400422 from pool.
DEBUG main org.apache.ibatis.transaction.jdbc.JdbcTransaction - Setting autocommit to false on JDBC Connection [com.mysql.jdbc.JDBC4Connection@520a3426]
DEBUG main dao.HumMapper.insert - ==>  Preparing: insert into hum (humid, nodeid, value, date) values (null, ?, ?, ?) 
DEBUG main dao.HumMapper.insert - ==> Parameters: 2(Integer), 55(Integer), 2018-05-26 00:12:43.307(Timestamp)
DEBUG main dao.HumMapper.insert - <==    Updates: 1
DEBUG main org.apache.ibatis.transaction.jdbc.JdbcTransaction - Committing JDBC Connection [com.mysql.jdbc.JDBC4Connection@520a3426]
DEBUG main org.apache.ibatis.transaction.jdbc.JdbcTransaction - Resetting autocommit to true on JDBC Connection [com.mysql.jdbc.JDBC4Connection@520a3426]
DEBUG main org.apache.ibatis.transaction.jdbc.JdbcTransaction - Closing JDBC Connection [com.mysql.jdbc.JDBC4Connection@520a3426]
DEBUG main org.apache.ibatis.datasource.pooled.PooledDataSource - Returned connection 1376400422 to pool.
DEBUG main org.apache.ibatis.transaction.jdbc.JdbcTransaction - Opening JDBC Connection
DEBUG main org.apache.ibatis.datasource.pooled.PooledDataSource - Checked out connection 1376400422 from pool.
DEBUG main org.apache.ibatis.transaction.jdbc.JdbcTransaction - Setting autocommit to false on JDBC Connection [com.mysql.jdbc.JDBC4Connection@520a3426]
DEBUG main dao.LightMapper.insert - ==>  Preparing: insert into light (lightid, nodeid, value, date) values (null, ?, ?, ?) 
DEBUG main dao.LightMapper.insert - ==> Parameters: 2(Integer), 699(Integer), 2018-05-26 00:12:44.851(Timestamp)
DEBUG main dao.LightMapper.insert - <==    Updates: 1
DEBUG main org.apache.ibatis.transaction.jdbc.JdbcTransaction - Committing JDBC Connection [com.mysql.jdbc.JDBC4Connection@520a3426]
DEBUG main org.apache.ibatis.transaction.jdbc.JdbcTransaction - Resetting autocommit to true on JDBC Connection [com.mysql.jdbc.JDBC4Connection@520a3426]
DEBUG main org.apache.ibatis.transaction.jdbc.JdbcTransaction - Closing JDBC Connection [com.mysql.jdbc.JDBC4Connection@520a3426]
DEBUG main org.apache.ibatis.datasource.pooled.PooledDataSource - Returned connection 1376400422 to pool.
DEBUG main org.apache.ibatis.transaction.jdbc.JdbcTransaction - Opening JDBC Connection
DEBUG main org.apache.ibatis.datasource.pooled.PooledDataSource - Checked out connection 1376400422 from pool.
DEBUG main org.apache.ibatis.transaction.jdbc.JdbcTransaction - Setting autocommit to false on JDBC Connection [com.mysql.jdbc.JDBC4Connection@520a3426]
DEBUG main dao.TempMpper.insert - ==>  Preparing: insert into temp (tempid, nodeid, value, date) values (null, ?, ?, ?) 
DEBUG main dao.TempMpper.insert - ==> Parameters: 1(Integer), 60(Integer), 2018-05-26 00:12:46.883(Timestamp)
DEBUG main dao.TempMpper.insert - <==    Updates: 1
DEBUG main org.apache.ibatis.transaction.jdbc.JdbcTransaction - Committing JDBC Connection [com.mysql.jdbc.JDBC4Connection@520a3426]
DEBUG main org.apache.ibatis.transaction.jdbc.JdbcTransaction - Resetting autocommit to true on JDBC Connection [com.mysql.jdbc.JDBC4Connection@520a3426]
DEBUG main org.apache.ibatis.transaction.jdbc.JdbcTransaction - Closing JDBC Connection [com.mysql.jdbc.JDBC4Connection@520a3426]
DEBUG main org.apache.ibatis.datasource.pooled.PooledDataSource - Returned connection 1376400422 to pool.
DEBUG main org.apache.ibatis.transaction.jdbc.JdbcTransaction - Opening JDBC Connection
DEBUG main org.apache.ibatis.datasource.pooled.PooledDataSource - Checked out connection 1376400422 from pool.
DEBUG main org.apache.ibatis.transaction.jdbc.JdbcTransaction - Setting autocommit to false on JDBC Connection [com.mysql.jdbc.JDBC4Connection@520a3426]
DEBUG main dao.HumMapper.insert - ==>  Preparing: insert into hum (humid, nodeid, value, date) values (null, ?, ?, ?) 
DEBUG main dao.HumMapper.insert - ==> Parameters: 2(Integer), 46(Integer), 2018-05-26 00:12:48.399(Timestamp)
DEBUG main dao.HumMapper.insert - <==    Updates: 1
DEBUG main org.apache.ibatis.transaction.jdbc.JdbcTransaction - Committing JDBC Connection [com.mysql.jdbc.JDBC4Connection@520a3426]
DEBUG main org.apache.ibatis.transaction.jdbc.JdbcTransaction - Resetting autocommit to true on JDBC Connection [com.mysql.jdbc.JDBC4Connection@520a3426]
DEBUG main org.apache.ibatis.transaction.jdbc.JdbcTransaction - Closing JDBC Connection [com.mysql.jdbc.JDBC4Connection@520a3426]
DEBUG main org.apache.ibatis.datasource.pooled.PooledDataSource - Returned connection 1376400422 to pool.
